<?xml version="1.0" encoding="UTF-8"?>
<testng-results ignored="0" total="20" passed="18" failed="2" skipped="0">
  <reporter-output>
  </reporter-output>
  <suite started-at="2023-10-19T17:52:54 IST" name="DMS Application" finished-at="2023-10-19T18:03:06 IST" duration-ms="612588">
    <groups>
    </groups>
    <test started-at="2023-10-19T17:52:54 IST" name="DMS App Test" finished-at="2023-10-19T18:03:06 IST" duration-ms="612588">
      <class name="com.DMS.testCases.TC_006_Departments">
        <test-method is-config="true" signature="setup(java.lang.String)[pri:0, instance:com.DMS.testCases.TC_006_Departments@65987993]" started-at="2023-10-19T17:52:55 IST" name="setup" finished-at="2023-10-19T17:53:27 IST" duration-ms="32094" status="PASS">
          <params>
            <param index="0">
              <value>
                <![CDATA[chrome]]>
              </value>
            </param>
          </params>
          <reporter-output>
          </reporter-output>
        </test-method> <!-- setup -->
        <test-method signature="mainFolderCreation()[pri:4, instance:com.DMS.testCases.TC_006_Departments@65987993]" started-at="2023-10-19T17:53:27 IST" name="mainFolderCreation" finished-at="2023-10-19T17:53:48 IST" duration-ms="21144" status="PASS">
          <reporter-output>
          </reporter-output>
        </test-method> <!-- mainFolderCreation -->
        <test-method signature="MainFolderEdit()[pri:5, instance:com.DMS.testCases.TC_006_Departments@65987993]" started-at="2023-10-19T17:53:48 IST" name="MainFolderEdit" finished-at="2023-10-19T17:54:07 IST" duration-ms="18930" status="PASS">
          <reporter-output>
          </reporter-output>
        </test-method> <!-- MainFolderEdit -->
        <test-method signature="MainFolderSendTo()[pri:6, instance:com.DMS.testCases.TC_006_Departments@65987993]" started-at="2023-10-19T17:54:07 IST" name="MainFolderSendTo" finished-at="2023-10-19T17:54:33 IST" duration-ms="25790" status="PASS">
          <reporter-output>
          </reporter-output>
        </test-method> <!-- MainFolderSendTo -->
        <test-method signature="MainFolderPermission()[pri:7, instance:com.DMS.testCases.TC_006_Departments@65987993]" started-at="2023-10-19T17:54:33 IST" name="MainFolderPermission" finished-at="2023-10-19T17:54:56 IST" duration-ms="22472" status="PASS">
          <reporter-output>
          </reporter-output>
        </test-method> <!-- MainFolderPermission -->
        <test-method signature="MainFolderShare()[pri:8, instance:com.DMS.testCases.TC_006_Departments@65987993]" started-at="2023-10-19T17:54:56 IST" name="MainFolderShare" finished-at="2023-10-19T17:55:17 IST" duration-ms="21672" status="PASS">
          <reporter-output>
          </reporter-output>
        </test-method> <!-- MainFolderShare -->
        <test-method signature="MainFolderDelete()[pri:9, instance:com.DMS.testCases.TC_006_Departments@65987993]" started-at="2023-10-19T17:55:17 IST" name="MainFolderDelete" finished-at="2023-10-19T17:55:35 IST" duration-ms="17820" status="PASS">
          <reporter-output>
          </reporter-output>
        </test-method> <!-- MainFolderDelete -->
        <test-method signature="MainFolderArchive()[pri:10, instance:com.DMS.testCases.TC_006_Departments@65987993]" started-at="2023-10-19T17:55:35 IST" name="MainFolderArchive" finished-at="2023-10-19T17:56:05 IST" duration-ms="29443" status="PASS">
          <reporter-output>
          </reporter-output>
        </test-method> <!-- MainFolderArchive -->
        <test-method signature="SubFolderCreation()[pri:11, instance:com.DMS.testCases.TC_006_Departments@65987993]" started-at="2023-10-19T17:56:05 IST" name="SubFolderCreation" finished-at="2023-10-19T17:57:13 IST" duration-ms="68709" status="PASS">
          <reporter-output>
          </reporter-output>
        </test-method> <!-- SubFolderCreation -->
        <test-method signature="SubFolderEdit()[pri:12, instance:com.DMS.testCases.TC_006_Departments@65987993]" started-at="2023-10-19T17:57:13 IST" name="SubFolderEdit" finished-at="2023-10-19T17:57:56 IST" duration-ms="42542" status="PASS">
          <reporter-output>
          </reporter-output>
        </test-method> <!-- SubFolderEdit -->
        <test-method signature="SubFolderSendTo()[pri:13, instance:com.DMS.testCases.TC_006_Departments@65987993]" started-at="2023-10-19T17:57:56 IST" name="SubFolderSendTo" finished-at="2023-10-19T17:58:24 IST" duration-ms="27408" status="PASS">
          <reporter-output>
          </reporter-output>
        </test-method> <!-- SubFolderSendTo -->
        <test-method signature="SubFolderPermission()[pri:14, instance:com.DMS.testCases.TC_006_Departments@65987993]" started-at="2023-10-19T17:58:24 IST" name="SubFolderPermission" finished-at="2023-10-19T17:58:48 IST" duration-ms="24438" status="PASS">
          <reporter-output>
          </reporter-output>
        </test-method> <!-- SubFolderPermission -->
        <test-method signature="SubFolderShare()[pri:15, instance:com.DMS.testCases.TC_006_Departments@65987993]" started-at="2023-10-19T17:58:48 IST" name="SubFolderShare" finished-at="2023-10-19T17:59:11 IST" duration-ms="23425" status="PASS">
          <reporter-output>
          </reporter-output>
        </test-method> <!-- SubFolderShare -->
        <test-method signature="SubFolderDelete()[pri:16, instance:com.DMS.testCases.TC_006_Departments@65987993]" started-at="2023-10-19T17:59:11 IST" name="SubFolderDelete" finished-at="2023-10-19T17:59:31 IST" duration-ms="19890" status="PASS">
          <reporter-output>
          </reporter-output>
        </test-method> <!-- SubFolderDelete -->
        <test-method signature="SubFolderArchive()[pri:17, instance:com.DMS.testCases.TC_006_Departments@65987993]" started-at="2023-10-19T17:59:31 IST" name="SubFolderArchive" finished-at="2023-10-19T17:59:59 IST" duration-ms="28056" status="PASS">
          <reporter-output>
          </reporter-output>
        </test-method> <!-- SubFolderArchive -->
        <test-method signature="UploadDocument()[pri:18, instance:com.DMS.testCases.TC_006_Departments@65987993]" started-at="2023-10-19T17:59:59 IST" name="UploadDocument" finished-at="2023-10-19T18:01:15 IST" duration-ms="75446" status="PASS">
          <reporter-output>
          </reporter-output>
        </test-method> <!-- UploadDocument -->
        <test-method signature="EditDocument()[pri:19, instance:com.DMS.testCases.TC_006_Departments@65987993]" started-at="2023-10-19T18:01:15 IST" name="EditDocument" finished-at="2023-10-19T18:01:30 IST" duration-ms="15069" status="PASS">
          <reporter-output>
          </reporter-output>
        </test-method> <!-- EditDocument -->
        <test-method signature="PermissionDocument()[pri:20, instance:com.DMS.testCases.TC_006_Departments@65987993]" started-at="2023-10-19T18:01:30 IST" name="PermissionDocument" finished-at="2023-10-19T18:01:48 IST" duration-ms="17861" status="PASS">
          <reporter-output>
          </reporter-output>
        </test-method> <!-- PermissionDocument -->
        <test-method signature="ShareDocument()[pri:21, instance:com.DMS.testCases.TC_006_Departments@65987993]" started-at="2023-10-19T18:01:48 IST" name="ShareDocument" finished-at="2023-10-19T18:02:41 IST" duration-ms="52813" status="FAIL">
          <exception class="org.openqa.selenium.NoSuchElementException">
            <message>
              <![CDATA[Unable to find element with locator By.xpath: //button[contains(text(),'Share')]
For documentation on this error, please visit: https://www.selenium.dev/documentation/webdriver/troubleshooting/errors#no-such-element-exception
Build info: version: '4.13.0', revision: 'ba948ece5b*'
System info: os.name: 'Windows 10', os.arch: 'amd64', os.version: '10.0', java.version: '17.0.6'
Driver info: driver.version: RemoteWebDriver]]>
            </message>
            <full-stacktrace>
              <![CDATA[org.openqa.selenium.NoSuchElementException: Unable to find element with locator By.xpath: //button[contains(text(),'Share')]
For documentation on this error, please visit: https://www.selenium.dev/documentation/webdriver/troubleshooting/errors#no-such-element-exception
Build info: version: '4.13.0', revision: 'ba948ece5b*'
System info: os.name: 'Windows 10', os.arch: 'amd64', os.version: '10.0', java.version: '17.0.6'
Driver info: driver.version: RemoteWebDriver
at org.openqa.selenium.remote.ElementLocation$ElementFinder$2.findElement(ElementLocation.java:168)
at org.openqa.selenium.remote.ElementLocation.findElement(ElementLocation.java:59)
at org.openqa.selenium.remote.RemoteWebDriver.findElement(RemoteWebDriver.java:359)
at org.openqa.selenium.remote.RemoteWebDriver.findElement(RemoteWebDriver.java:353)
at org.openqa.selenium.support.pagefactory.DefaultElementLocator.findElement(DefaultElementLocator.java:68)
at org.openqa.selenium.support.pagefactory.internal.LocatingElementHandler.invoke(LocatingElementHandler.java:38)
at jdk.proxy2/jdk.proxy2.$Proxy18.click(Unknown Source)
at com.DMS.pageObjects.Departments.shareDoc(Departments.java:579)
at com.DMS.testCases.TC_006_Departments.ShareDocument(TC_006_Departments.java:258)
at java.base/jdk.internal.reflect.NativeMethodAccessorImpl.invoke0(Native Method)
at java.base/jdk.internal.reflect.NativeMethodAccessorImpl.invoke(NativeMethodAccessorImpl.java:77)
at java.base/jdk.internal.reflect.DelegatingMethodAccessorImpl.invoke(DelegatingMethodAccessorImpl.java:43)
at java.base/java.lang.reflect.Method.invoke(Method.java:568)
at org.testng.internal.invokers.MethodInvocationHelper.invokeMethod(MethodInvocationHelper.java:139)
at org.testng.internal.invokers.TestInvoker.invokeMethod(TestInvoker.java:664)
at org.testng.internal.invokers.TestInvoker.invokeTestMethod(TestInvoker.java:227)
at org.testng.internal.invokers.MethodRunner.runInSequence(MethodRunner.java:50)
at org.testng.internal.invokers.TestInvoker$MethodInvocationAgent.invoke(TestInvoker.java:957)
at org.testng.internal.invokers.TestInvoker.invokeTestMethods(TestInvoker.java:200)
at org.testng.internal.invokers.TestMethodWorker.invokeTestMethods(TestMethodWorker.java:148)
at org.testng.internal.invokers.TestMethodWorker.run(TestMethodWorker.java:128)
at java.base/java.util.ArrayList.forEach(ArrayList.java:1511)
at org.testng.TestRunner.privateRun(TestRunner.java:848)
at org.testng.TestRunner.run(TestRunner.java:621)
at org.testng.SuiteRunner.runTest(SuiteRunner.java:443)
at org.testng.SuiteRunner.runSequentially(SuiteRunner.java:437)
at org.testng.SuiteRunner.privateRun(SuiteRunner.java:397)
at org.testng.SuiteRunner.run(SuiteRunner.java:336)
at org.testng.SuiteRunnerWorker.runSuite(SuiteRunnerWorker.java:52)
at org.testng.SuiteRunnerWorker.run(SuiteRunnerWorker.java:95)
at org.testng.TestNG.runSuitesSequentially(TestNG.java:1280)
at org.testng.TestNG.runSuitesLocally(TestNG.java:1200)
at org.testng.TestNG.runSuites(TestNG.java:1114)
at org.testng.TestNG.run(TestNG.java:1082)
at org.testng.remote.AbstractRemoteTestNG.run(AbstractRemoteTestNG.java:115)
at org.testng.remote.RemoteTestNG.initAndRun(RemoteTestNG.java:251)
at org.testng.remote.RemoteTestNG.main(RemoteTestNG.java:77)
]]>
            </full-stacktrace>
          </exception> <!-- org.openqa.selenium.NoSuchElementException -->
          <reporter-output>
          </reporter-output>
        </test-method> <!-- ShareDocument -->
        <test-method signature="DeletDocument()[pri:22, instance:com.DMS.testCases.TC_006_Departments@65987993]" started-at="2023-10-19T18:02:41 IST" name="DeletDocument" finished-at="2023-10-19T18:02:44 IST" duration-ms="3086" status="FAIL">
          <exception class="org.openqa.selenium.UnhandledAlertException">
            <message>
              <![CDATA[unexpected alert open: {Alert text : Document shared successfully}
  (Session info: chrome=118.0.5993.71): Document shared successfully
Build info: version: '4.13.0', revision: 'ba948ece5b*'
System info: os.name: 'Windows 10', os.arch: 'amd64', os.version: '10.0', java.version: '17.0.6'
Driver info: org.openqa.selenium.chrome.ChromeDriver
Command: [3c865c7da5cdff75f12975b17979dcc0, findElements {using=xpath, value=//div[@id='primaryDocumentTree']//tr}]
Capabilities {acceptInsecureCerts: false, browserName: chrome, browserVersion: 118.0.5993.71, chrome: {chromedriverVersion: 118.0.5993.70 (e52f33f30b91..., userDataDir: C:\Users\lenovo\AppData\Loc...}, fedcm:accounts: true, goog:chromeOptions: {debuggerAddress: localhost:64681}, networkConnectionEnabled: false, pageLoadStrategy: normal, platformName: windows, proxy: Proxy(), se:cdp: ws://localhost:64681/devtoo..., se:cdpVersion: 118.0.5993.71, setWindowRect: true, strictFileInteractability: false, timeouts: {implicit: 0, pageLoad: 300000, script: 30000}, unhandledPromptBehavior: dismiss and notify, webauthn:extension:credBlob: true, webauthn:extension:largeBlob: true, webauthn:extension:minPinLength: true, webauthn:extension:prf: true, webauthn:virtualAuthenticators: true}
Session ID: 3c865c7da5cdff75f12975b17979dcc0]]>
            </message>
            <full-stacktrace>
              <![CDATA[org.openqa.selenium.UnhandledAlertException: unexpected alert open: {Alert text : Document shared successfully}
  (Session info: chrome=118.0.5993.71): Document shared successfully
Build info: version: '4.13.0', revision: 'ba948ece5b*'
System info: os.name: 'Windows 10', os.arch: 'amd64', os.version: '10.0', java.version: '17.0.6'
Driver info: org.openqa.selenium.chrome.ChromeDriver
Command: [3c865c7da5cdff75f12975b17979dcc0, findElements {using=xpath, value=//div[@id='primaryDocumentTree']//tr}]
Capabilities {acceptInsecureCerts: false, browserName: chrome, browserVersion: 118.0.5993.71, chrome: {chromedriverVersion: 118.0.5993.70 (e52f33f30b91..., userDataDir: C:\Users\lenovo\AppData\Loc...}, fedcm:accounts: true, goog:chromeOptions: {debuggerAddress: localhost:64681}, networkConnectionEnabled: false, pageLoadStrategy: normal, platformName: windows, proxy: Proxy(), se:cdp: ws://localhost:64681/devtoo..., se:cdpVersion: 118.0.5993.71, setWindowRect: true, strictFileInteractability: false, timeouts: {implicit: 0, pageLoad: 300000, script: 30000}, unhandledPromptBehavior: dismiss and notify, webauthn:extension:credBlob: true, webauthn:extension:largeBlob: true, webauthn:extension:minPinLength: true, webauthn:extension:prf: true, webauthn:virtualAuthenticators: true}
Session ID: 3c865c7da5cdff75f12975b17979dcc0
at org.openqa.selenium.remote.codec.w3c.W3CHttpResponseCodec.decode(W3CHttpResponseCodec.java:131)
at org.openqa.selenium.remote.codec.w3c.W3CHttpResponseCodec.decode(W3CHttpResponseCodec.java:52)
at org.openqa.selenium.remote.HttpCommandExecutor.execute(HttpCommandExecutor.java:191)
at org.openqa.selenium.remote.service.DriverCommandExecutor.invokeExecute(DriverCommandExecutor.java:196)
at org.openqa.selenium.remote.service.DriverCommandExecutor.execute(DriverCommandExecutor.java:171)
at org.openqa.selenium.remote.RemoteWebDriver.execute(RemoteWebDriver.java:602)
at org.openqa.selenium.remote.ElementLocation$ElementFinder$2.findElements(ElementLocation.java:182)
at org.openqa.selenium.remote.ElementLocation.findElements(ElementLocation.java:103)
at org.openqa.selenium.remote.RemoteWebDriver.findElements(RemoteWebDriver.java:372)
at org.openqa.selenium.remote.RemoteWebDriver.findElements(RemoteWebDriver.java:366)
at org.openqa.selenium.support.pagefactory.DefaultElementLocator.findElements(DefaultElementLocator.java:83)
at org.openqa.selenium.support.pagefactory.internal.LocatingElementListHandler.invoke(LocatingElementListHandler.java:36)
at jdk.proxy2/jdk.proxy2.$Proxy19.size(Unknown Source)
at com.DMS.pageObjects.Departments.documentActions(Departments.java:529)
at com.DMS.testCases.TC_006_Departments.DeletDocument(TC_006_Departments.java:266)
at java.base/jdk.internal.reflect.NativeMethodAccessorImpl.invoke0(Native Method)
at java.base/jdk.internal.reflect.NativeMethodAccessorImpl.invoke(NativeMethodAccessorImpl.java:77)
at java.base/jdk.internal.reflect.DelegatingMethodAccessorImpl.invoke(DelegatingMethodAccessorImpl.java:43)
at java.base/java.lang.reflect.Method.invoke(Method.java:568)
at org.testng.internal.invokers.MethodInvocationHelper.invokeMethod(MethodInvocationHelper.java:139)
at org.testng.internal.invokers.TestInvoker.invokeMethod(TestInvoker.java:664)
at org.testng.internal.invokers.TestInvoker.invokeTestMethod(TestInvoker.java:227)
at org.testng.internal.invokers.MethodRunner.runInSequence(MethodRunner.java:50)
at org.testng.internal.invokers.TestInvoker$MethodInvocationAgent.invoke(TestInvoker.java:957)
at org.testng.internal.invokers.TestInvoker.invokeTestMethods(TestInvoker.java:200)
at org.testng.internal.invokers.TestMethodWorker.invokeTestMethods(TestMethodWorker.java:148)
at org.testng.internal.invokers.TestMethodWorker.run(TestMethodWorker.java:128)
at java.base/java.util.ArrayList.forEach(ArrayList.java:1511)
at org.testng.TestRunner.privateRun(TestRunner.java:848)
at org.testng.TestRunner.run(TestRunner.java:621)
at org.testng.SuiteRunner.runTest(SuiteRunner.java:443)
at org.testng.SuiteRunner.runSequentially(SuiteRunner.java:437)
at org.testng.SuiteRunner.privateRun(SuiteRunner.java:397)
at org.testng.SuiteRunner.run(SuiteRunner.java:336)
at org.testng.SuiteRunnerWorker.runSuite(SuiteRunnerWorker.java:52)
at org.testng.SuiteRunnerWorker.run(SuiteRunnerWorker.java:95)
at org.testng.TestNG.runSuitesSequentially(TestNG.java:1280)
at org.testng.TestNG.runSuitesLocally(TestNG.java:1200)
at org.testng.TestNG.runSuites(TestNG.java:1114)
at org.testng.TestNG.run(TestNG.java:1082)
at org.testng.remote.AbstractRemoteTestNG.run(AbstractRemoteTestNG.java:115)
at org.testng.remote.RemoteTestNG.initAndRun(RemoteTestNG.java:251)
at org.testng.remote.RemoteTestNG.main(RemoteTestNG.java:77)
]]>
            </full-stacktrace>
          </exception> <!-- org.openqa.selenium.UnhandledAlertException -->
          <reporter-output>
          </reporter-output>
        </test-method> <!-- DeletDocument -->
        <test-method signature="ArchiveDocument()[pri:23, instance:com.DMS.testCases.TC_006_Departments@65987993]" started-at="2023-10-19T18:02:44 IST" name="ArchiveDocument" finished-at="2023-10-19T18:03:06 IST" duration-ms="22362" status="PASS">
          <reporter-output>
          </reporter-output>
        </test-method> <!-- ArchiveDocument -->
      </class> <!-- com.DMS.testCases.TC_006_Departments -->
    </test> <!-- DMS App Test -->
  </suite> <!-- DMS Application -->
</testng-results>
