<?xml version="1.0" encoding="UTF-8"?>
<testng-results ignored="0" total="3" passed="3" failed="0" skipped="0">
  <reporter-output>
  </reporter-output>
  <suite started-at="2024-04-11T17:15:40 IST" name="DMS Application" finished-at="2024-04-11T17:18:20 IST" duration-ms="159563">
    <groups>
    </groups>
    <test started-at="2024-04-11T17:15:40 IST" name="DMS App Test" finished-at="2024-04-11T17:18:20 IST" duration-ms="159563">
      <class name="com.DMS.testCases.TC_012_TestResult">
        <test-method is-config="true" signature="setup(java.lang.String)[pri:0, instance:com.DMS.testCases.TC_012_TestResult@54c5a2ff]" started-at="2024-04-11T17:15:41 IST" name="setup" finished-at="2024-04-11T17:15:46 IST" duration-ms="5445" status="PASS">
          <params>
            <param index="0">
              <value>
                <![CDATA[chrome]]>
              </value>
            </param>
          </params>
          <reporter-output>
          </reporter-output>
        </test-method> <!-- setup -->
        <test-method signature="submitExam(java.lang.String,java.lang.String)[pri:1, instance:com.DMS.testCases.TC_012_TestResult@54c5a2ff]" started-at="2024-04-11T17:15:47 IST" name="submitExam" description="Submit the exam" data-provider="DD1" finished-at="2024-04-11T17:16:46 IST" duration-ms="59715" status="PASS">
          <params>
            <param index="0">
              <value>
                <![CDATA[neethur@yopmail.com]]>
              </value>
            </param>
            <param index="1">
              <value>
                <![CDATA[Neethu@r1]]>
              </value>
            </param>
          </params>
          <reporter-output>
          </reporter-output>
        </test-method> <!-- submitExam -->
        <test-method signature="signTest_Initiator(java.lang.String,java.lang.String,java.lang.String,java.lang.String,java.lang.String)[pri:2, instance:com.DMS.testCases.TC_012_TestResult@54c5a2ff]" started-at="2024-04-11T17:16:47 IST" name="signTest_Initiator" description="Sign the completed test" data-provider="DD2" finished-at="2024-04-11T17:17:48 IST" duration-ms="61206" status="PASS">
          <params>
            <param index="0">
              <value>
                <![CDATA[neethumolp@datamatica.uk]]>
              </value>
            </param>
            <param index="1">
              <value>
                <![CDATA[Ryan@1234]]>
              </value>
            </param>
            <param index="2">
              <value>
                <![CDATA[neethumolp@datamatica.uk]]>
              </value>
            </param>
            <param index="3">
              <value>
                <![CDATA[Neethu@12345]]>
              </value>
            </param>
            <param index="4">
              <value>
                <![CDATA[Approval]]>
              </value>
            </param>
          </params>
          <reporter-output>
          </reporter-output>
        </test-method> <!-- signTest_Initiator -->
        <test-method signature="sign_test_Supervisor(java.lang.String,java.lang.String,java.lang.String)[pri:3, instance:com.DMS.testCases.TC_012_TestResult@54c5a2ff]" started-at="2024-04-11T17:17:48 IST" name="sign_test_Supervisor" description="Sign the completed test" data-provider="DD3" finished-at="2024-04-11T17:18:19 IST" duration-ms="31340" status="PASS">
          <params>
            <param index="0">
              <value>
                <![CDATA[neethumolp@datamatica.uk]]>
              </value>
            </param>
            <param index="1">
              <value>
                <![CDATA[Neethu@12345]]>
              </value>
            </param>
            <param index="2">
              <value>
                <![CDATA[Approval]]>
              </value>
            </param>
          </params>
          <reporter-output>
          </reporter-output>
        </test-method> <!-- sign_test_Supervisor -->
        <test-method is-config="true" signature="tearDown()[pri:0, instance:com.DMS.testCases.TC_012_TestResult@54c5a2ff]" started-at="2024-04-11T17:18:19 IST" name="tearDown" finished-at="2024-04-11T17:18:20 IST" duration-ms="296" status="PASS">
          <reporter-output>
          </reporter-output>
        </test-method> <!-- tearDown -->
      </class> <!-- com.DMS.testCases.TC_012_TestResult -->
    </test> <!-- DMS App Test -->
  </suite> <!-- DMS Application -->
</testng-results>
