<?xml version="1.0" encoding="UTF-8"?>
<!-- Generated by org.testng.reporters.JUnitXMLReporter -->
<testsuite ignored="0" hostname="DESKTOP-2ODO8DJ" failures="0" tests="6" name="DMS App Test" time="92.451" errors="0" timestamp="2023-10-20T15:02:36 IST">
  <testcase classname="com.DMS.testCases.TC_007_Screens" name="addScreen" time="13.35"/>
  <testcase classname="com.DMS.testCases.TC_007_Screens" name="editScreen" time="12.935"/>
  <testcase classname="com.DMS.testCases.TC_007_Screens" name="addControl" time="7.96"/>
  <testcase classname="com.DMS.testCases.TC_007_Screens" name="editControl" time="13.69"/>
  <testcase classname="com.DMS.testCases.TC_007_Screens" name="deleteControl" time="6.448"/>
  <testcase classname="com.DMS.testCases.TC_007_Screens" name="deleteScreen" time="7.181"/>
</testsuite> <!-- DMS App Test -->
